C:\A Kamel\projects\CDP\Angular-POC\client\dist\out-tsc\e2e\src\app.po.js
C:\A Kamel\projects\CDP\Angular-POC\client\dist\out-tsc\e2e\src\app.po.js.map
C:\A Kamel\projects\CDP\Angular-POC\client\dist\out-tsc\e2e\src\app.e2e-spec.js
C:\A Kamel\projects\CDP\Angular-POC\client\dist\out-tsc\e2e\src\app.e2e-spec.js.map
C:\A Kamel\projects\CDP\Angular-POC\client\dist\out-tsc\src\app\app-routing.module.js
C:\A Kamel\projects\CDP\Angular-POC\client\dist\out-tsc\src\app\app-routing.module.js.map
C:\A Kamel\projects\CDP\Angular-POC\client\dist\out-tsc\src\app\app.component.js
C:\A Kamel\projects\CDP\Angular-POC\client\dist\out-tsc\src\app\app.component.js.map
C:\A Kamel\projects\CDP\Angular-POC\client\dist\out-tsc\src\app\welcome.component.js
C:\A Kamel\projects\CDP\Angular-POC\client\dist\out-tsc\src\app\welcome.component.js.map
C:\A Kamel\projects\CDP\Angular-POC\client\dist\out-tsc\src\app\products\IProduct.js
C:\A Kamel\projects\CDP\Angular-POC\client\dist\out-tsc\src\app\products\IProduct.js.map
C:\A Kamel\projects\CDP\Angular-POC\client\dist\out-tsc\src\app\products\Product.Service.js
C:\A Kamel\projects\CDP\Angular-POC\client\dist\out-tsc\src\app\products\Product.Service.js.map
C:\A Kamel\projects\CDP\Angular-POC\client\dist\out-tsc\src\app\products\product-list.component.js
C:\A Kamel\projects\CDP\Angular-POC\client\dist\out-tsc\src\app\products\product-list.component.js.map
C:\A Kamel\projects\CDP\Angular-POC\client\dist\out-tsc\src\app\products\product-detail.component.js
C:\A Kamel\projects\CDP\Angular-POC\client\dist\out-tsc\src\app\products\product-detail.component.js.map
C:\A Kamel\projects\CDP\Angular-POC\client\dist\out-tsc\src\app\Shared\star.component.js
C:\A Kamel\projects\CDP\Angular-POC\client\dist\out-tsc\src\app\Shared\star.component.js.map
C:\A Kamel\projects\CDP\Angular-POC\client\dist\out-tsc\src\app\Shared\convert-to-spaces.pipe.js
C:\A Kamel\projects\CDP\Angular-POC\client\dist\out-tsc\src\app\Shared\convert-to-spaces.pipe.js.map
C:\A Kamel\projects\CDP\Angular-POC\client\dist\out-tsc\src\app\products\product-detail.guard.js
C:\A Kamel\projects\CDP\Angular-POC\client\dist\out-tsc\src\app\products\product-detail.guard.js.map
C:\A Kamel\projects\CDP\Angular-POC\client\dist\out-tsc\src\app\shared\shared.module.js
C:\A Kamel\projects\CDP\Angular-POC\client\dist\out-tsc\src\app\shared\shared.module.js.map
C:\A Kamel\projects\CDP\Angular-POC\client\dist\out-tsc\src\app\products\product.module.js
C:\A Kamel\projects\CDP\Angular-POC\client\dist\out-tsc\src\app\products\product.module.js.map
C:\A Kamel\projects\CDP\Angular-POC\client\dist\out-tsc\src\app\app.module.js
C:\A Kamel\projects\CDP\Angular-POC\client\dist\out-tsc\src\app\app.module.js.map
C:\A Kamel\projects\CDP\Angular-POC\client\dist\out-tsc\src\environments\environment.js
C:\A Kamel\projects\CDP\Angular-POC\client\dist\out-tsc\src\environments\environment.js.map
C:\A Kamel\projects\CDP\Angular-POC\client\dist\out-tsc\src\main.js
C:\A Kamel\projects\CDP\Angular-POC\client\dist\out-tsc\src\main.js.map
C:\A Kamel\projects\CDP\Angular-POC\client\dist\out-tsc\src\polyfills.js
C:\A Kamel\projects\CDP\Angular-POC\client\dist\out-tsc\src\polyfills.js.map
C:\A Kamel\projects\CDP\Angular-POC\client\dist\out-tsc\src\test.js
C:\A Kamel\projects\CDP\Angular-POC\client\dist\out-tsc\src\test.js.map
C:\A Kamel\projects\CDP\Angular-POC\client\dist\out-tsc\src\app\app.component.spec.js
C:\A Kamel\projects\CDP\Angular-POC\client\dist\out-tsc\src\app\app.component.spec.js.map
C:\A Kamel\projects\CDP\Angular-POC\client\dist\out-tsc\src\app\welcome.component.spec.js
C:\A Kamel\projects\CDP\Angular-POC\client\dist\out-tsc\src\app\welcome.component.spec.js.map
C:\A Kamel\projects\CDP\Angular-POC\client\dist\out-tsc\src\app\Products\product-detail.component.spec.js
C:\A Kamel\projects\CDP\Angular-POC\client\dist\out-tsc\src\app\Products\product-detail.component.spec.js.map
C:\A Kamel\projects\CDP\Angular-POC\client\dist\out-tsc\src\app\Products\product-detail.guard.spec.js
C:\A Kamel\projects\CDP\Angular-POC\client\dist\out-tsc\src\app\Products\product-detail.guard.spec.js.map
C:\A Kamel\projects\CDP\Angular-POC\client\dist\out-tsc\src\environments\environment.prod.js
C:\A Kamel\projects\CDP\Angular-POC\client\dist\out-tsc\src\environments\environment.prod.js.map
